{"level":"info","message":"✅ Socket.IO initialized","service":"saas-platform","timestamp":"2026-07-15 10:22:17"}
{"level":"info","message":"✅ Database connected","service":"saas-platform","timestamp":"2026-07-15 10:22:17"}
{"level":"info","message":"🚀 Server running on port 5000 in development mode","service":"saas-platform","timestamp":"2026-07-15 10:22:17"}
{"level":"info","message":"📚 API Docs: http://localhost:5000/api-docs","service":"saas-platform","timestamp":"2026-07-15 10:22:17"}
{"level":"info","message":"Socket connected: cmrllslx90002bnh9qh397p4v (cpQdJviOvQlDq40yAAAB)","service":"saas-platform","timestamp":"2026-07-15 10:23:32"}
{"level":"info","message":"Socket disconnected: cmrllslx90002bnh9qh397p4v - transport close","service":"saas-platform","timestamp":"2026-07-15 10:24:42"}
{"level":"info","message":"Socket connected: cmrllslx90002bnh9qh397p4v (X8Bhp5HFQv0mkD-KAAAD)","service":"saas-platform","timestamp":"2026-07-15 10:24:45"}
{"level":"info","message":"Socket disconnected: cmrllslx90002bnh9qh397p4v - transport close","service":"saas-platform","timestamp":"2026-07-15 10:24:46"}
{"level":"info","message":"Socket connected: cmrllslx90002bnh9qh397p4v (UJ0iQg2GX8-B2xv8AAAF)","service":"saas-platform","timestamp":"2026-07-15 10:24:55"}
{"level":"info","message":"Socket disconnected: cmrllslx90002bnh9qh397p4v - client namespace disconnect","service":"saas-platform","timestamp":"2026-07-15 10:28:23"}
{"level":"info","message":"Socket connected: cmrllslx90002bnh9qh397p4v (5htW8_9N_2E5Bnw3AAAH)","service":"saas-platform","timestamp":"2026-07-15 10:28:23"}
{"level":"info","message":"Socket disconnected: cmrllslx90002bnh9qh397p4v - client namespace disconnect","service":"saas-platform","timestamp":"2026-07-15 10:28:29"}
{"level":"info","message":"Socket connected: cmrllsm620003bnh9j8nvdcy6 (JBZnBIPDjsbtzVPEAAAJ)","service":"saas-platform","timestamp":"2026-07-15 10:28:29"}
{"level":"info","message":"Socket disconnected: cmrllsm620003bnh9j8nvdcy6 - transport close","service":"saas-platform","timestamp":"2026-07-15 10:29:36"}
{"level":"info","message":"Socket connected: cmrllsm620003bnh9j8nvdcy6 (0ccIRTm76J22lDvBAAAL)","service":"saas-platform","timestamp":"2026-07-15 10:29:39"}
{"level":"info","message":"Socket disconnected: cmrllsm620003bnh9j8nvdcy6 - transport close","service":"saas-platform","timestamp":"2026-07-15 10:29:42"}
{"level":"info","message":"SIGINT received. Shutting down gracefully...","service":"saas-platform","timestamp":"2026-07-15 10:29:56"}
{"level":"info","message":"✅ Socket.IO initialized","service":"saas-platform","timestamp":"2026-07-15 17:09:28"}
{"level":"info","message":"✅ Database connected","service":"saas-platform","timestamp":"2026-07-15 17:09:28"}
{"level":"info","message":"🚀 Server running on port 5000 in development mode","service":"saas-platform","timestamp":"2026-07-15 17:09:28"}
{"level":"info","message":"📚 API Docs: http://localhost:5000/api-docs","service":"saas-platform","timestamp":"2026-07-15 17:09:28"}
{"level":"info","message":"Socket connected: cmrllsm620003bnh9j8nvdcy6 (3urp_gKQQmpw2j_ZAAAB)","service":"saas-platform","timestamp":"2026-07-15 17:09:54"}
{"level":"info","message":"Socket disconnected: cmrllsm620003bnh9j8nvdcy6 - client namespace disconnect","service":"saas-platform","timestamp":"2026-07-15 17:10:32"}
{"level":"info","message":"Socket connected: cmrllslx90002bnh9qh397p4v (w6CPw1hs5OGE3hZ2AAAD)","service":"saas-platform","timestamp":"2026-07-15 17:10:32"}
{"level":"info","message":"Socket disconnected: cmrllslx90002bnh9qh397p4v - client namespace disconnect","service":"saas-platform","timestamp":"2026-07-15 17:11:49"}
{"code":"EAUTH","command":"AUTH PLAIN","level":"error","message":"Failed to send email to ajay@boat.com: Invalid login: 535-5.7.8 Username and Password not accepted. For more information, go to\n535 5.7.8  https://support.google.com/mail/?p=BadCredentials 5a478bee46e88-3140e6e9edfsm677708eec.28 - gsmtp","response":"535-5.7.8 Username and Password not accepted. For more information, go to\n535 5.7.8  https://support.google.com/mail/?p=BadCredentials 5a478bee46e88-3140e6e9edfsm677708eec.28 - gsmtp","responseCode":535,"service":"saas-platform","stack":"Error: Invalid login: 535-5.7.8 Username and Password not accepted. For more information, go to\n535 5.7.8  https://support.google.com/mail/?p=BadCredentials 5a478bee46e88-3140e6e9edfsm677708eec.28 - gsmtp\n    at SMTPConnection._formatError (C:\\Users\\amarj\\Desktop\\saas-platform aj\\backend\\node_modules\\nodemailer\\lib\\smtp-connection\\index.js:809:19)\n    at SMTPConnection._actionAUTHComplete (C:\\Users\\amarj\\Desktop\\saas-platform aj\\backend\\node_modules\\nodemailer\\lib\\smtp-connection\\index.js:1588:34)\n    at SMTPConnection.<anonymous> (C:\\Users\\amarj\\Desktop\\saas-platform aj\\backend\\node_modules\\nodemailer\\lib\\smtp-connection\\index.js:556:26)\n    at SMTPConnection._processResponse (C:\\Users\\amarj\\Desktop\\saas-platform aj\\backend\\node_modules\\nodemailer\\lib\\smtp-connection\\index.js:993:20)\n    at SMTPConnection._onData (C:\\Users\\amarj\\Desktop\\saas-platform aj\\backend\\node_modules\\nodemailer\\lib\\smtp-connection\\index.js:774:14)\n    at TLSSocket.SMTPConnection._onSocketData (C:\\Users\\amarj\\Desktop\\saas-platform aj\\backend\\node_modules\\nodemailer\\lib\\smtp-connection\\index.js:195:44)\n    at TLSSocket.emit (node:events:508:20)\n    at addChunk (node:internal/streams/readable:564:12)\n    at readableAddChunkPushByteMode (node:internal/streams/readable:515:3)\n    at TLSSocket.Readable.push (node:internal/streams/readable:395:5)","timestamp":"2026-07-15 17:12:37"}
{"level":"info","message":"Socket connected: cmrm0gfo4000fvexuy0i3hslv (_1LkYyIu9-2P1yMuAAAF)","service":"saas-platform","timestamp":"2026-07-15 17:12:55"}
{"level":"info","message":"Socket disconnected: cmrm0gfo4000fvexuy0i3hslv - client namespace disconnect","service":"saas-platform","timestamp":"2026-07-15 17:13:02"}
{"level":"info","message":"Socket connected: cmrm0gfo4000fvexuy0i3hslv (mbFiWCajqee4hkVUAAAH)","service":"saas-platform","timestamp":"2026-07-15 17:13:03"}
{"level":"info","message":"Socket disconnected: cmrm0gfo4000fvexuy0i3hslv - client namespace disconnect","service":"saas-platform","timestamp":"2026-07-15 17:13:04"}
{"level":"info","message":"Socket connected: cmrm0gfo4000fvexuy0i3hslv (WjmC7rrh11ZBULy4AAAJ)","service":"saas-platform","timestamp":"2026-07-15 17:13:04"}
{"level":"info","message":"Socket disconnected: cmrm0gfo4000fvexuy0i3hslv - transport close","service":"saas-platform","timestamp":"2026-07-15 17:20:20"}
{"level":"info","message":"Socket connected: cmrm0gfo4000fvexuy0i3hslv (MyIHXoNoI5LF49CVAAAL)","service":"saas-platform","timestamp":"2026-07-15 17:20:37"}
{"level":"info","message":"Socket disconnected: cmrm0gfo4000fvexuy0i3hslv - client namespace disconnect","service":"saas-platform","timestamp":"2026-07-15 17:20:57"}
{"level":"info","message":"Socket connected: cmrm0gfo4000fvexuy0i3hslv (Fzu-uv-BrBqJTcftAAAN)","service":"saas-platform","timestamp":"2026-07-15 17:20:57"}
{"level":"info","message":"Socket disconnected: cmrm0gfo4000fvexuy0i3hslv - transport close","service":"saas-platform","timestamp":"2026-07-15 17:29:52"}
{"level":"info","message":"Socket connected: cmrm0gfo4000fvexuy0i3hslv (PWvEVp-iqpceXZECAAAP)","service":"saas-platform","timestamp":"2026-07-15 17:29:53"}
{"level":"info","message":"Socket disconnected: cmrm0gfo4000fvexuy0i3hslv - client namespace disconnect","service":"saas-platform","timestamp":"2026-07-15 17:30:12"}
{"level":"info","message":"Socket connected: cmrm0gfo4000fvexuy0i3hslv (f7Gjj3DTZHOnEObLAAAR)","service":"saas-platform","timestamp":"2026-07-15 17:30:12"}
{"level":"info","message":"Socket disconnected: cmrm0gfo4000fvexuy0i3hslv - transport close","service":"saas-platform","timestamp":"2026-07-15 17:31:34"}
{"level":"info","message":"Socket connected: cmrm0gfo4000fvexuy0i3hslv (OJgLIN8KdBcpcGDNAAAT)","service":"saas-platform","timestamp":"2026-07-15 17:31:37"}
{"level":"info","message":"Socket disconnected: cmrm0gfo4000fvexuy0i3hslv - transport close","service":"saas-platform","timestamp":"2026-07-15 17:31:38"}
{"level":"info","message":"SIGINT received. Shutting down gracefully...","service":"saas-platform","timestamp":"2026-07-15 17:33:53"}
{"level":"info","message":"✅ Socket.IO initialized","service":"saas-platform","timestamp":"2026-07-15 17:43:01"}
{"level":"info","message":"✅ Database connected","service":"saas-platform","timestamp":"2026-07-15 17:43:01"}
{"level":"info","message":"🚀 Server running on port 5000 in development mode","service":"saas-platform","timestamp":"2026-07-15 17:43:01"}
{"level":"info","message":"📚 API Docs: http://localhost:5000/api-docs","service":"saas-platform","timestamp":"2026-07-15 17:43:01"}
{"level":"info","message":"SIGINT received. Shutting down gracefully...","service":"saas-platform","timestamp":"2026-07-15 17:45:48"}
{"level":"info","message":"✅ Socket.IO initialized","service":"saas-platform","timestamp":"2026-07-15 20:39:20"}
{"level":"info","message":"✅ Database connected","service":"saas-platform","timestamp":"2026-07-15 20:39:20"}
{"level":"info","message":"🚀 Server running on port 5000 in development mode","service":"saas-platform","timestamp":"2026-07-15 20:39:20"}
{"level":"info","message":"📚 API Docs: http://localhost:5000/api-docs","service":"saas-platform","timestamp":"2026-07-15 20:39:20"}
{"level":"info","message":"Socket connected: cmrm0gfo4000fvexuy0i3hslv (JBKnWRvrsF-oPxazAAAB)","service":"saas-platform","timestamp":"2026-07-15 20:39:36"}
{"level":"info","message":"Socket disconnected: cmrm0gfo4000fvexuy0i3hslv - client namespace disconnect","service":"saas-platform","timestamp":"2026-07-15 20:39:51"}
{"level":"info","message":"Socket connected: cmrm0gfo4000fvexuy0i3hslv (8EzGaERp6TuaxkNlAAAD)","service":"saas-platform","timestamp":"2026-07-15 20:39:51"}
{"level":"info","message":"Socket disconnected: cmrm0gfo4000fvexuy0i3hslv - client namespace disconnect","service":"saas-platform","timestamp":"2026-07-15 20:40:39"}
{"code":"EAUTH","command":"AUTH PLAIN","level":"error","message":"Failed to send email to ravi@boat.com: Invalid login: 535-5.7.8 Username and Password not accepted. For more information, go to\n535 5.7.8  https://support.google.com/mail/?p=BadCredentials 5a478bee46e88-3140e5647aasm2231110eec.13 - gsmtp","response":"535-5.7.8 Username and Password not accepted. For more information, go to\n535 5.7.8  https://support.google.com/mail/?p=BadCredentials 5a478bee46e88-3140e5647aasm2231110eec.13 - gsmtp","responseCode":535,"service":"saas-platform","stack":"Error: Invalid login: 535-5.7.8 Username and Password not accepted. For more information, go to\n535 5.7.8  https://support.google.com/mail/?p=BadCredentials 5a478bee46e88-3140e5647aasm2231110eec.13 - gsmtp\n    at SMTPConnection._formatError (C:\\Users\\amarj\\Desktop\\saas-platform aj\\backend\\node_modules\\nodemailer\\lib\\smtp-connection\\index.js:809:19)\n    at SMTPConnection._actionAUTHComplete (C:\\Users\\amarj\\Desktop\\saas-platform aj\\backend\\node_modules\\nodemailer\\lib\\smtp-connection\\index.js:1588:34)\n    at SMTPConnection.<anonymous> (C:\\Users\\amarj\\Desktop\\saas-platform aj\\backend\\node_modules\\nodemailer\\lib\\smtp-connection\\index.js:556:26)\n    at SMTPConnection._processResponse (C:\\Users\\amarj\\Desktop\\saas-platform aj\\backend\\node_modules\\nodemailer\\lib\\smtp-connection\\index.js:993:20)\n    at SMTPConnection._onData (C:\\Users\\amarj\\Desktop\\saas-platform aj\\backend\\node_modules\\nodemailer\\lib\\smtp-connection\\index.js:774:14)\n    at TLSSocket.SMTPConnection._onSocketData (C:\\Users\\amarj\\Desktop\\saas-platform aj\\backend\\node_modules\\nodemailer\\lib\\smtp-connection\\index.js:195:44)\n    at TLSSocket.emit (node:events:508:20)\n    at addChunk (node:internal/streams/readable:564:12)\n    at readableAddChunkPushByteMode (node:internal/streams/readable:515:3)\n    at TLSSocket.Readable.push (node:internal/streams/readable:395:5)","timestamp":"2026-07-15 20:41:26"}
{"level":"info","message":"Socket connected: cmrm7wyk2000911j6xohyazad (m0wpJCr2CcT0iwKtAAAF)","service":"saas-platform","timestamp":"2026-07-15 20:41:40"}
{"level":"info","message":"Socket disconnected: cmrm7wyk2000911j6xohyazad - client namespace disconnect","service":"saas-platform","timestamp":"2026-07-15 20:42:00"}
{"level":"info","message":"Socket connected: cmrm0gfo4000fvexuy0i3hslv (Dcyko5ssorsbSpltAAAH)","service":"saas-platform","timestamp":"2026-07-15 20:42:13"}
{"level":"error","message":"Prisma error: \nInvalid `prisma.organizationUser.findUnique()` invocation in\nC:\\Users\\amarj\\Desktop\\saas-platform aj\\backend\\src\\controllers\\organization.controller.ts:206:52\n\n  203 \n  204 if (role === Role.SUPER_ADMIN) throw new AppError('Cannot assign Super Admin role via this endpoint.', 403);\n  205 \n→ 206 const membership = await prisma.organizationUser.findUnique({\n        where: {\n          userId_organizationId: {\n            userId: \"cmrm7wyk2000911j6xohyazad\",\n      +     organizationId: String\n          }\n        }\n      })\n\nArgument `organizationId` is missing.","service":"saas-platform","target":"organizationUser.findUnique","timestamp":"2026-07-15 20:42:21"}
{"code":"EAUTH","command":"AUTH PLAIN","level":"error","message":"Failed to send email to ravi@boat.com: Invalid login: 535-5.7.8 Username and Password not accepted. For more information, go to\n535 5.7.8  https://support.google.com/mail/?p=BadCredentials 5a478bee46e88-3140e6a4779sm2235385eec.17 - gsmtp","response":"535-5.7.8 Username and Password not accepted. For more information, go to\n535 5.7.8  https://support.google.com/mail/?p=BadCredentials 5a478bee46e88-3140e6a4779sm2235385eec.17 - gsmtp","responseCode":535,"service":"saas-platform","stack":"Error: Invalid login: 535-5.7.8 Username and Password not accepted. For more information, go to\n535 5.7.8  https://support.google.com/mail/?p=BadCredentials 5a478bee46e88-3140e6a4779sm2235385eec.17 - gsmtp\n    at SMTPConnection._formatError (C:\\Users\\amarj\\Desktop\\saas-platform aj\\backend\\node_modules\\nodemailer\\lib\\smtp-connection\\index.js:809:19)\n    at SMTPConnection._actionAUTHComplete (C:\\Users\\amarj\\Desktop\\saas-platform aj\\backend\\node_modules\\nodemailer\\lib\\smtp-connection\\index.js:1588:34)\n    at SMTPConnection.<anonymous> (C:\\Users\\amarj\\Desktop\\saas-platform aj\\backend\\node_modules\\nodemailer\\lib\\smtp-connection\\index.js:556:26)\n    at SMTPConnection._processResponse (C:\\Users\\amarj\\Desktop\\saas-platform aj\\backend\\node_modules\\nodemailer\\lib\\smtp-connection\\index.js:993:20)\n    at SMTPConnection._onData (C:\\Users\\amarj\\Desktop\\saas-platform aj\\backend\\node_modules\\nodemailer\\lib\\smtp-connection\\index.js:774:14)\n    at TLSSocket.SMTPConnection._onSocketData (C:\\Users\\amarj\\Desktop\\saas-platform aj\\backend\\node_modules\\nodemailer\\lib\\smtp-connection\\index.js:195:44)\n    at TLSSocket.emit (node:events:508:20)\n    at addChunk (node:internal/streams/readable:564:12)\n    at readableAddChunkPushByteMode (node:internal/streams/readable:515:3)\n    at TLSSocket.Readable.push (node:internal/streams/readable:395:5)","timestamp":"2026-07-15 20:42:31"}
{"level":"info","message":"Socket disconnected: cmrm0gfo4000fvexuy0i3hslv - client namespace disconnect","service":"saas-platform","timestamp":"2026-07-15 20:42:38"}
{"level":"info","message":"Socket connected: cmrm7wyk2000911j6xohyazad (1esEYEk9ATgb_RwkAAAJ)","service":"saas-platform","timestamp":"2026-07-15 20:42:47"}
{"level":"info","message":"Socket disconnected: cmrm7wyk2000911j6xohyazad - client namespace disconnect","service":"saas-platform","timestamp":"2026-07-15 20:44:24"}
{"level":"info","message":"Socket connected: cmrm0gfo4000fvexuy0i3hslv (NHFh9RDCIJdplrMPAAAL)","service":"saas-platform","timestamp":"2026-07-15 20:44:36"}
{"code":"EAUTH","command":"AUTH PLAIN","level":"error","message":"Failed to send email to amarjeet10805@gmail.com: Invalid login: 535-5.7.8 Username and Password not accepted. For more information, go to\n535 5.7.8  https://support.google.com/mail/?p=BadCredentials a92af1059eb24-13cd432e848sm2328647c88.9 - gsmtp","response":"535-5.7.8 Username and Password not accepted. For more information, go to\n535 5.7.8  https://support.google.com/mail/?p=BadCredentials a92af1059eb24-13cd432e848sm2328647c88.9 - gsmtp","responseCode":535,"service":"saas-platform","stack":"Error: Invalid login: 535-5.7.8 Username and Password not accepted. For more information, go to\n535 5.7.8  https://support.google.com/mail/?p=BadCredentials a92af1059eb24-13cd432e848sm2328647c88.9 - gsmtp\n    at SMTPConnection._formatError (C:\\Users\\amarj\\Desktop\\saas-platform aj\\backend\\node_modules\\nodemailer\\lib\\smtp-connection\\index.js:809:19)\n    at SMTPConnection._actionAUTHComplete (C:\\Users\\amarj\\Desktop\\saas-platform aj\\backend\\node_modules\\nodemailer\\lib\\smtp-connection\\index.js:1588:34)\n    at SMTPConnection.<anonymous> (C:\\Users\\amarj\\Desktop\\saas-platform aj\\backend\\node_modules\\nodemailer\\lib\\smtp-connection\\index.js:556:26)\n    at SMTPConnection._processResponse (C:\\Users\\amarj\\Desktop\\saas-platform aj\\backend\\node_modules\\nodemailer\\lib\\smtp-connection\\index.js:993:20)\n    at SMTPConnection._onData (C:\\Users\\amarj\\Desktop\\saas-platform aj\\backend\\node_modules\\nodemailer\\lib\\smtp-connection\\index.js:774:14)\n    at TLSSocket.SMTPConnection._onSocketData (C:\\Users\\amarj\\Desktop\\saas-platform aj\\backend\\node_modules\\nodemailer\\lib\\smtp-connection\\index.js:195:44)\n    at TLSSocket.emit (node:events:508:20)\n    at addChunk (node:internal/streams/readable:564:12)\n    at readableAddChunkPushByteMode (node:internal/streams/readable:515:3)\n    at TLSSocket.Readable.push (node:internal/streams/readable:395:5)","timestamp":"2026-07-15 20:44:56"}
{"level":"info","message":"Socket disconnected: cmrm0gfo4000fvexuy0i3hslv - client namespace disconnect","service":"saas-platform","timestamp":"2026-07-15 20:46:27"}
{"ip":"::1","level":"error","message":"Route not found: GET /favicon.ico","method":"GET","service":"saas-platform","stack":"Error: Route not found: GET /favicon.ico\n    at notFoundHandler (C:\\Users\\amarj\\Desktop\\saas-platform aj\\backend\\src\\middleware\\notFoundHandler.ts:4:17)\n    at newFn (C:\\Users\\amarj\\Desktop\\saas-platform aj\\backend\\node_modules\\express-async-errors\\index.js:16:20)\n    at Layer.handle [as handle_request] (C:\\Users\\amarj\\Desktop\\saas-platform aj\\backend\\node_modules\\express\\lib\\router\\layer.js:95:5)\n    at trim_prefix (C:\\Users\\amarj\\Desktop\\saas-platform aj\\backend\\node_modules\\express\\lib\\router\\index.js:328:13)\n    at C:\\Users\\amarj\\Desktop\\saas-platform aj\\backend\\node_modules\\express\\lib\\router\\index.js:286:9\n    at router.process_params (C:\\Users\\amarj\\Desktop\\saas-platform aj\\backend\\node_modules\\express\\lib\\router\\index.js:346:12)\n    at next (C:\\Users\\amarj\\Desktop\\saas-platform aj\\backend\\node_modules\\express\\lib\\router\\index.js:280:10)\n    at logger (C:\\Users\\amarj\\Desktop\\saas-platform aj\\backend\\node_modules\\morgan\\index.js:170:5)\n    at newFn (C:\\Users\\amarj\\Desktop\\saas-platform aj\\backend\\node_modules\\express-async-errors\\index.js:16:20)\n    at Layer.handle [as handle_request] (C:\\Users\\amarj\\Desktop\\saas-platform aj\\backend\\node_modules\\express\\lib\\router\\layer.js:95:5)","timestamp":"2026-07-15 20:47:11","url":"/favicon.ico"}
{"level":"info","message":"Socket connected: cmrm0gfo4000fvexuy0i3hslv (3CxiQPTZWqSVw5fqAAAN)","service":"saas-platform","timestamp":"2026-07-15 20:48:58"}
{"level":"info","message":"Socket disconnected: cmrm0gfo4000fvexuy0i3hslv - client namespace disconnect","service":"saas-platform","timestamp":"2026-07-15 20:49:30"}
{"level":"info","message":"SIGINT received. Shutting down gracefully...","service":"saas-platform","timestamp":"2026-07-15 20:51:45"}
{"level":"info","message":"✅ Socket.IO initialized","service":"saas-platform","timestamp":"2026-07-16 16:22:02"}
{"level":"info","message":"✅ Database connected","service":"saas-platform","timestamp":"2026-07-16 16:22:02"}
{"level":"info","message":"🚀 Server running on port 5000 in development mode","service":"saas-platform","timestamp":"2026-07-16 16:22:02"}
{"level":"info","message":"📚 API Docs: http://localhost:5000/api-docs","service":"saas-platform","timestamp":"2026-07-16 16:22:02"}
{"level":"info","message":"Socket connected: cmrm0gfo4000fvexuy0i3hslv (Oqjz6plvjExbjFoWAAAB)","service":"saas-platform","timestamp":"2026-07-16 16:22:49"}
{"level":"error","message":"Prisma error: \nInvalid `prisma.organizationUser.update()` invocation in\nC:\\Users\\amarj\\Desktop\\saas-platform aj\\backend\\src\\controllers\\organization.controller.ts:230:33\n\n  227 export const removeMember = async (req: Request, res: Response) => {\n  228   const { id, userId } = req.params;\n  229 \n→ 230   await prisma.organizationUser.update({\n          where: {\n            userId_organizationId: {\n              userId: \"cmrm7wyk2000911j6xohyazad\",\n        +     organizationId: String\n            }\n          },\n          data: {\n            isActive: false\n          }\n        })\n\nArgument `organizationId` is missing.","service":"saas-platform","target":"organizationUser.update","timestamp":"2026-07-16 16:23:02"}
{"level":"error","message":"Prisma error: \nInvalid `prisma.organizationUser.update()` invocation in\nC:\\Users\\amarj\\Desktop\\saas-platform aj\\backend\\src\\controllers\\organization.controller.ts:230:33\n\n  227 export const removeMember = async (req: Request, res: Response) => {\n  228   const { id, userId } = req.params;\n  229 \n→ 230   await prisma.organizationUser.update({\n          where: {\n            userId_organizationId: {\n              userId: \"cmrm7wyk2000911j6xohyazad\",\n        +     organizationId: String\n            }\n          },\n          data: {\n            isActive: false\n          }\n        })\n\nArgument `organizationId` is missing.","service":"saas-platform","target":"organizationUser.update","timestamp":"2026-07-16 16:23:09"}
{"level":"info","message":"Socket disconnected: cmrm0gfo4000fvexuy0i3hslv - transport close","service":"saas-platform","timestamp":"2026-07-16 16:23:11"}
{"level":"info","message":"Socket connected: cmrm0gfo4000fvexuy0i3hslv (-NjY2EheOGyZXAxwAAAD)","service":"saas-platform","timestamp":"2026-07-16 16:23:11"}
{"level":"info","message":"Socket disconnected: cmrm0gfo4000fvexuy0i3hslv - client namespace disconnect","service":"saas-platform","timestamp":"2026-07-16 16:23:20"}
{"level":"info","message":"Socket connected: cmrm0gfo4000fvexuy0i3hslv (YBozUxirGdNRxWybAAAF)","service":"saas-platform","timestamp":"2026-07-16 16:23:20"}
{"code":"EAUTH","command":"AUTH PLAIN","level":"error","message":"Failed to send email to adi@boat.com: Invalid login: 535-5.7.8 Username and Password not accepted. For more information, go to\n535 5.7.8  https://support.google.com/mail/?p=BadCredentials 5a478bee46e88-3140e6e9edfsm10835284eec.28 - gsmtp","response":"535-5.7.8 Username and Password not accepted. For more information, go to\n535 5.7.8  https://support.google.com/mail/?p=BadCredentials 5a478bee46e88-3140e6e9edfsm10835284eec.28 - gsmtp","responseCode":535,"service":"saas-platform","stack":"Error: Invalid login: 535-5.7.8 Username and Password not accepted. For more information, go to\n535 5.7.8  https://support.google.com/mail/?p=BadCredentials 5a478bee46e88-3140e6e9edfsm10835284eec.28 - gsmtp\n    at SMTPConnection._formatError (C:\\Users\\amarj\\Desktop\\saas-platform aj\\backend\\node_modules\\nodemailer\\lib\\smtp-connection\\index.js:809:19)\n    at SMTPConnection._actionAUTHComplete (C:\\Users\\amarj\\Desktop\\saas-platform aj\\backend\\node_modules\\nodemailer\\lib\\smtp-connection\\index.js:1588:34)\n    at SMTPConnection.<anonymous> (C:\\Users\\amarj\\Desktop\\saas-platform aj\\backend\\node_modules\\nodemailer\\lib\\smtp-connection\\index.js:556:26)\n    at SMTPConnection._processResponse (C:\\Users\\amarj\\Desktop\\saas-platform aj\\backend\\node_modules\\nodemailer\\lib\\smtp-connection\\index.js:993:20)\n    at SMTPConnection._onData (C:\\Users\\amarj\\Desktop\\saas-platform aj\\backend\\node_modules\\nodemailer\\lib\\smtp-connection\\index.js:774:14)\n    at TLSSocket.SMTPConnection._onSocketData (C:\\Users\\amarj\\Desktop\\saas-platform aj\\backend\\node_modules\\nodemailer\\lib\\smtp-connection\\index.js:195:44)\n    at TLSSocket.emit (node:events:508:20)\n    at addChunk (node:internal/streams/readable:564:12)\n    at readableAddChunkPushByteMode (node:internal/streams/readable:515:3)\n    at TLSSocket.Readable.push (node:internal/streams/readable:395:5)","timestamp":"2026-07-16 16:23:49"}
{"level":"info","message":"✅ Socket.IO initialized","service":"saas-platform","timestamp":"2026-07-16 16:37:00"}
{"level":"info","message":"✅ Database connected","service":"saas-platform","timestamp":"2026-07-16 16:37:00"}
{"level":"info","message":"🚀 Server running on port 5000 in development mode","service":"saas-platform","timestamp":"2026-07-16 16:37:00"}
{"level":"info","message":"📚 API Docs: http://localhost:5000/api-docs","service":"saas-platform","timestamp":"2026-07-16 16:37:00"}
{"level":"info","message":"Socket connected: cmrm0gfo4000fvexuy0i3hslv (m2AJJPEzs_sGxwZZAAAB)","service":"saas-platform","timestamp":"2026-07-16 16:37:10"}
{"level":"info","message":"Socket disconnected: cmrm0gfo4000fvexuy0i3hslv - client namespace disconnect","service":"saas-platform","timestamp":"2026-07-16 16:37:17"}
{"level":"info","message":"Socket connected: cmrm0gfo4000fvexuy0i3hslv (NvUVGC_1-akz2rcVAAAD)","service":"saas-platform","timestamp":"2026-07-16 16:37:17"}
{"level":"error","message":"Failed to send email to varun@boat.com: The saasplatform.com domain is not verified. Please, add and verify your domain on https://resend.com/domains","service":"saas-platform","stack":"Error: The saasplatform.com domain is not verified. Please, add and verify your domain on https://resend.com/domains\n    at sendEmail (C:\\Users\\amarj\\Desktop\\saas-platform aj\\backend\\src\\config\\email.ts:24:13)\n    at processTicksAndRejections (node:internal/process/task_queues:104:5)\n    at sendInvitationEmail (C:\\Users\\amarj\\Desktop\\saas-platform aj\\backend\\src\\config\\email.ts:120:3)\n    at sendInvitation (C:\\Users\\amarj\\Desktop\\saas-platform aj\\backend\\src\\controllers\\invitation.controller.ts:52:3)","timestamp":"2026-07-16 16:39:47"}
{"level":"info","message":"Socket disconnected: cmrm0gfo4000fvexuy0i3hslv - transport close","service":"saas-platform","timestamp":"2026-07-16 16:47:11"}
{"level":"info","message":"Socket connected: cmrm0gfo4000fvexuy0i3hslv (lD_oWaS9lmONiL6bAAAF)","service":"saas-platform","timestamp":"2026-07-16 16:47:12"}
{"level":"info","message":"Socket disconnected: cmrm0gfo4000fvexuy0i3hslv - client namespace disconnect","service":"saas-platform","timestamp":"2026-07-16 16:47:19"}
{"level":"info","message":"Socket connected: cmrm0gfo4000fvexuy0i3hslv (pYnMp1e7dRp4EZpWAAAH)","service":"saas-platform","timestamp":"2026-07-16 16:47:19"}
{"level":"error","message":"Failed to send email to ravi@boat.com: The saasplatform.com domain is not verified. Please, add and verify your domain on https://resend.com/domains","service":"saas-platform","stack":"Error: The saasplatform.com domain is not verified. Please, add and verify your domain on https://resend.com/domains\n    at sendEmail (C:\\Users\\amarj\\Desktop\\saas-platform aj\\backend\\src\\config\\email.ts:24:13)\n    at processTicksAndRejections (node:internal/process/task_queues:104:5)\n    at sendInvitationEmail (C:\\Users\\amarj\\Desktop\\saas-platform aj\\backend\\src\\config\\email.ts:120:3)\n    at sendInvitation (C:\\Users\\amarj\\Desktop\\saas-platform aj\\backend\\src\\controllers\\invitation.controller.ts:52:3)","timestamp":"2026-07-16 16:50:48"}
{"level":"info","message":"SIGINT received. Shutting down gracefully...","service":"saas-platform","timestamp":"2026-07-16 16:52:17"}
{"level":"info","message":"✅ Socket.IO initialized","service":"saas-platform","timestamp":"2026-07-16 16:52:22"}
{"level":"info","message":"✅ Database connected","service":"saas-platform","timestamp":"2026-07-16 16:52:22"}
{"level":"info","message":"🚀 Server running on port 5000 in development mode","service":"saas-platform","timestamp":"2026-07-16 16:52:22"}
{"level":"info","message":"📚 API Docs: http://localhost:5000/api-docs","service":"saas-platform","timestamp":"2026-07-16 16:52:22"}
{"level":"info","message":"Socket connected: cmrm0gfo4000fvexuy0i3hslv (GxpuybatZEEV2tGQAAAB)","service":"saas-platform","timestamp":"2026-07-16 16:52:24"}
{"level":"error","message":"Failed to send email to ravi@boat.com: The saasplatform.com domain is not verified. Please, add and verify your domain on https://resend.com/domains","service":"saas-platform","stack":"Error: The saasplatform.com domain is not verified. Please, add and verify your domain on https://resend.com/domains\n    at sendEmail (C:\\Users\\amarj\\Desktop\\saas-platform aj\\backend\\src\\config\\email.ts:24:13)\n    at processTicksAndRejections (node:internal/process/task_queues:104:5)\n    at sendInvitationEmail (C:\\Users\\amarj\\Desktop\\saas-platform aj\\backend\\src\\config\\email.ts:120:3)\n    at sendInvitation (C:\\Users\\amarj\\Desktop\\saas-platform aj\\backend\\src\\controllers\\invitation.controller.ts:52:3)","timestamp":"2026-07-16 16:52:37"}
{"level":"info","message":"SIGINT received. Shutting down gracefully...","service":"saas-platform","timestamp":"2026-07-16 16:53:45"}
{"level":"info","message":"✅ Socket.IO initialized","service":"saas-platform","timestamp":"2026-07-16 16:53:48"}
{"level":"info","message":"✅ Database connected","service":"saas-platform","timestamp":"2026-07-16 16:53:48"}
{"level":"info","message":"🚀 Server running on port 5000 in development mode","service":"saas-platform","timestamp":"2026-07-16 16:53:48"}
{"level":"info","message":"📚 API Docs: http://localhost:5000/api-docs","service":"saas-platform","timestamp":"2026-07-16 16:53:48"}
{"level":"info","message":"Socket connected: cmrm0gfo4000fvexuy0i3hslv (SaDPy1VEQpr5tS27AAAB)","service":"saas-platform","timestamp":"2026-07-16 16:53:48"}
{"level":"error","message":"Failed to send email to ravi@boat.com: You can only send testing emails to your own email address (amarjeet10805@gmail.com). To send emails to other recipients, please verify a domain at resend.com/domains, and change the `from` address to an email using this domain.","service":"saas-platform","stack":"Error: You can only send testing emails to your own email address (amarjeet10805@gmail.com). To send emails to other recipients, please verify a domain at resend.com/domains, and change the `from` address to an email using this domain.\n    at sendEmail (C:\\Users\\amarj\\Desktop\\saas-platform aj\\backend\\src\\config\\email.ts:24:13)\n    at processTicksAndRejections (node:internal/process/task_queues:104:5)\n    at sendInvitationEmail (C:\\Users\\amarj\\Desktop\\saas-platform aj\\backend\\src\\config\\email.ts:120:3)\n    at sendInvitation (C:\\Users\\amarj\\Desktop\\saas-platform aj\\backend\\src\\controllers\\invitation.controller.ts:52:3)","timestamp":"2026-07-16 16:54:03"}
{"level":"info","message":"SIGINT received. Shutting down gracefully...","service":"saas-platform","timestamp":"2026-07-16 16:55:24"}
{"level":"info","message":"✅ Socket.IO initialized","service":"saas-platform","timestamp":"2026-07-16 16:56:16"}
{"level":"info","message":"✅ Database connected","service":"saas-platform","timestamp":"2026-07-16 16:56:16"}
{"level":"info","message":"🚀 Server running on port 5000 in development mode","service":"saas-platform","timestamp":"2026-07-16 16:56:16"}
{"level":"info","message":"📚 API Docs: http://localhost:5000/api-docs","service":"saas-platform","timestamp":"2026-07-16 16:56:16"}
{"level":"error","message":"Failed to send email to ravi@boat.com: You can only send testing emails to your own email address (amarjeet10805@gmail.com). To send emails to other recipients, please verify a domain at resend.com/domains, and change the `from` address to an email using this domain.","service":"saas-platform","stack":"Error: You can only send testing emails to your own email address (amarjeet10805@gmail.com). To send emails to other recipients, please verify a domain at resend.com/domains, and change the `from` address to an email using this domain.\n    at sendEmail (C:\\Users\\amarj\\Desktop\\saas-platform aj\\backend\\src\\config\\email.ts:24:13)\n    at processTicksAndRejections (node:internal/process/task_queues:104:5)\n    at sendInvitationEmail (C:\\Users\\amarj\\Desktop\\saas-platform aj\\backend\\src\\config\\email.ts:120:3)\n    at sendInvitation (C:\\Users\\amarj\\Desktop\\saas-platform aj\\backend\\src\\controllers\\invitation.controller.ts:52:3)","timestamp":"2026-07-16 16:56:33"}
{"level":"info","message":"✅ Socket.IO initialized","service":"saas-platform","timestamp":"2026-07-16 17:01:33"}
{"level":"info","message":"✅ Database connected","service":"saas-platform","timestamp":"2026-07-16 17:01:33"}
{"level":"info","message":"🚀 Server running on port 5000 in development mode","service":"saas-platform","timestamp":"2026-07-16 17:01:33"}
{"level":"info","message":"📚 API Docs: http://localhost:5000/api-docs","service":"saas-platform","timestamp":"2026-07-16 17:01:33"}
{"level":"info","message":"Invite link for ravi@boat.com: http://localhost:3000/invitations/accept?token=39056d5bdc40f604ff71768bc32f148e0d6b90b8e55b634fe543d49cfde9f95a","service":"saas-platform","timestamp":"2026-07-16 17:02:02"}
{"level":"error","message":"Failed to send email to ravi@boat.com: You can only send testing emails to your own email address (amarjeet10805@gmail.com). To send emails to other recipients, please verify a domain at resend.com/domains, and change the `from` address to an email using this domain.","service":"saas-platform","stack":"Error: You can only send testing emails to your own email address (amarjeet10805@gmail.com). To send emails to other recipients, please verify a domain at resend.com/domains, and change the `from` address to an email using this domain.\n    at sendEmail (C:\\Users\\amarj\\Desktop\\saas-platform aj\\backend\\src\\config\\email.ts:24:13)\n    at processTicksAndRejections (node:internal/process/task_queues:104:5)\n    at sendInvitationEmail (C:\\Users\\amarj\\Desktop\\saas-platform aj\\backend\\src\\config\\email.ts:120:3)","timestamp":"2026-07-16 17:02:03"}
{"level":"warn","message":"Email failed (invitation still created): You can only send testing emails to your own email address (amarjeet10805@gmail.com). To send emails to other recipients, please verify a domain at resend.com/domains, and change the `from` address to an email using this domain.","service":"saas-platform","timestamp":"2026-07-16 17:02:03"}
{"level":"info","message":"✅ Socket.IO initialized","service":"saas-platform","timestamp":"2026-07-16 17:04:23"}
{"level":"info","message":"✅ Database connected","service":"saas-platform","timestamp":"2026-07-16 17:04:23"}
{"level":"info","message":"🚀 Server running on port 5000 in development mode","service":"saas-platform","timestamp":"2026-07-16 17:04:23"}
{"level":"info","message":"📚 API Docs: http://localhost:5000/api-docs","service":"saas-platform","timestamp":"2026-07-16 17:04:23"}
{"level":"info","message":"Socket connected: cmrm0gfo4000fvexuy0i3hslv (cEAqVDZK1cAQZcRwAAAB)","service":"saas-platform","timestamp":"2026-07-16 17:04:31"}
{"level":"info","message":"Invite link for ravi@boat.com: http://localhost:3000/invitations/accept?token=cd151a22dbc964cc7005ca13124251ac093d4c148250e2a9214c3462c8090403","service":"saas-platform","timestamp":"2026-07-16 17:04:43"}
{"level":"error","message":"Failed to send email to ravi@boat.com: You can only send testing emails to your own email address (amarjeet10805@gmail.com). To send emails to other recipients, please verify a domain at resend.com/domains, and change the `from` address to an email using this domain.","service":"saas-platform","stack":"Error: You can only send testing emails to your own email address (amarjeet10805@gmail.com). To send emails to other recipients, please verify a domain at resend.com/domains, and change the `from` address to an email using this domain.\n    at sendEmail (C:\\Users\\amarj\\Desktop\\saas-platform aj\\backend\\src\\config\\email.ts:24:13)\n    at processTicksAndRejections (node:internal/process/task_queues:104:5)\n    at sendInvitationEmail (C:\\Users\\amarj\\Desktop\\saas-platform aj\\backend\\src\\config\\email.ts:120:3)","timestamp":"2026-07-16 17:04:44"}
{"level":"warn","message":"Email failed (invitation still created): You can only send testing emails to your own email address (amarjeet10805@gmail.com). To send emails to other recipients, please verify a domain at resend.com/domains, and change the `from` address to an email using this domain.","service":"saas-platform","timestamp":"2026-07-16 17:04:44"}
{"level":"info","message":"Socket connected: cmrm0gfo4000fvexuy0i3hslv (sU_tr9D8gB-mNTNBAAAD)","service":"saas-platform","timestamp":"2026-07-16 17:05:13"}
{"level":"info","message":"Socket disconnected: cmrm0gfo4000fvexuy0i3hslv - client namespace disconnect","service":"saas-platform","timestamp":"2026-07-16 17:05:22"}
{"level":"info","message":"Socket connected: cmrm7wyk2000911j6xohyazad (uexo3EV1VlBnGGWeAAAF)","service":"saas-platform","timestamp":"2026-07-16 17:05:22"}
{"level":"info","message":"Invite link for ravi@boat.com: http://localhost:3000/invitations/accept?token=a446dd2f8c4d62879c93751fee9fc34c0d80667ba7b32435760d8ed194bf187b","service":"saas-platform","timestamp":"2026-07-16 17:09:19"}
{"level":"error","message":"Failed to send email to ravi@boat.com: You can only send testing emails to your own email address (amarjeet10805@gmail.com). To send emails to other recipients, please verify a domain at resend.com/domains, and change the `from` address to an email using this domain.","service":"saas-platform","stack":"Error: You can only send testing emails to your own email address (amarjeet10805@gmail.com). To send emails to other recipients, please verify a domain at resend.com/domains, and change the `from` address to an email using this domain.\n    at sendEmail (C:\\Users\\amarj\\Desktop\\saas-platform aj\\backend\\src\\config\\email.ts:24:13)\n    at processTicksAndRejections (node:internal/process/task_queues:104:5)\n    at sendInvitationEmail (C:\\Users\\amarj\\Desktop\\saas-platform aj\\backend\\src\\config\\email.ts:120:3)","timestamp":"2026-07-16 17:09:19"}
{"level":"warn","message":"Email failed (invitation still created): You can only send testing emails to your own email address (amarjeet10805@gmail.com). To send emails to other recipients, please verify a domain at resend.com/domains, and change the `from` address to an email using this domain.","service":"saas-platform","timestamp":"2026-07-16 17:09:19"}
{"level":"info","message":"✅ Socket.IO initialized","service":"saas-platform","timestamp":"2026-07-16 17:10:49"}
{"level":"info","message":"✅ Database connected","service":"saas-platform","timestamp":"2026-07-16 17:10:49"}
{"level":"info","message":"🚀 Server running on port 5000 in development mode","service":"saas-platform","timestamp":"2026-07-16 17:10:49"}
{"level":"info","message":"📚 API Docs: http://localhost:5000/api-docs","service":"saas-platform","timestamp":"2026-07-16 17:10:49"}
{"level":"info","message":"Socket connected: cmrm0gfo4000fvexuy0i3hslv (TAe_yjPJ0joFQchsAAAB)","service":"saas-platform","timestamp":"2026-07-16 17:10:49"}
{"level":"info","message":"Socket connected: cmrm7wyk2000911j6xohyazad (4y73i9u65o8tmPnlAAAD)","service":"saas-platform","timestamp":"2026-07-16 17:10:49"}
{"level":"info","message":"[DEV] Email skipped — To: ravi@boat.com | Subject: You've been invited to join Boat","service":"saas-platform","timestamp":"2026-07-16 17:11:14"}
{"level":"info","message":"Invite link for ravi@boat.com: http://localhost:3000/invitations/accept?token=7d50abddd46484481670911113f7bc54f81626a5da043f15adb744208fba6c30","service":"saas-platform","timestamp":"2026-07-16 17:11:14"}
{"level":"info","message":"Socket connected: cmrm7wyk2000911j6xohyazad (pp3PrJuePlicjuuPAAAF)","service":"saas-platform","timestamp":"2026-07-16 17:11:32"}
{"level":"info","message":"Socket disconnected: cmrm7wyk2000911j6xohyazad - transport close","service":"saas-platform","timestamp":"2026-07-16 17:11:50"}
{"level":"info","message":"Socket disconnected: cmrm7wyk2000911j6xohyazad - transport close","service":"saas-platform","timestamp":"2026-07-16 17:11:54"}
{"level":"info","message":"SIGINT received. Shutting down gracefully...","service":"saas-platform","timestamp":"2026-07-16 17:11:57"}
{"level":"info","message":"✅ Socket.IO initialized","service":"saas-platform","timestamp":"2026-07-16 18:22:56"}
{"level":"info","message":"✅ Database connected","service":"saas-platform","timestamp":"2026-07-16 18:22:57"}
{"level":"info","message":"🚀 Server running on port 5000 in development mode","service":"saas-platform","timestamp":"2026-07-16 18:22:57"}
{"level":"info","message":"📚 API Docs: http://localhost:5000/api-docs","service":"saas-platform","timestamp":"2026-07-16 18:22:57"}
{"level":"info","message":"Socket connected: cmrm7wyk2000911j6xohyazad (7cGndz6Gwjmdps4hAAAB)","service":"saas-platform","timestamp":"2026-07-16 18:23:11"}
{"level":"info","message":"Socket disconnected: cmrm7wyk2000911j6xohyazad - client namespace disconnect","service":"saas-platform","timestamp":"2026-07-16 18:26:33"}
{"level":"info","message":"Socket connected: cmrm0gfo4000fvexuy0i3hslv (PZ4JH1QxjP8q94k5AAAD)","service":"saas-platform","timestamp":"2026-07-16 18:26:33"}
{"level":"error","message":"Prisma error: \nInvalid `prisma.organizationUser.update()` invocation in\nC:\\Users\\amarj\\Desktop\\saas-platform aj\\backend\\src\\controllers\\organization.controller.ts:230:33\n\n  227 export const removeMember = async (req: Request, res: Response) => {\n  228   const { id, userId } = req.params;\n  229 \n→ 230   await prisma.organizationUser.update({\n          where: {\n            userId_organizationId: {\n              userId: \"cmrm7wyk2000911j6xohyazad\",\n        +     organizationId: String\n            }\n          },\n          data: {\n            isActive: false\n          }\n        })\n\nArgument `organizationId` is missing.","service":"saas-platform","target":"organizationUser.update","timestamp":"2026-07-16 18:26:58"}
{"level":"info","message":"[DEV] Email skipped — To: adi@boat.com | Subject: You've been invited to join Boat","service":"saas-platform","timestamp":"2026-07-16 18:27:28"}
{"level":"info","message":"Invite link for adi@boat.com: http://localhost:3000/invitations/accept?token=d860577f099a2c70eb0a316103f51023a0f0d38b35938ccd8b84e1c9eb251054","service":"saas-platform","timestamp":"2026-07-16 18:27:28"}
{"level":"info","message":"Socket connected: cmrm0gfo4000fvexuy0i3hslv (_M6rPwWnZKUVAPNdAAAF)","service":"saas-platform","timestamp":"2026-07-16 18:28:49"}
{"level":"info","message":"Socket disconnected: cmrm0gfo4000fvexuy0i3hslv - client namespace disconnect","service":"saas-platform","timestamp":"2026-07-16 18:28:57"}
{"level":"info","message":"Socket connected: cmrm0gfo4000fvexuy0i3hslv (3JisOdQtUxnjbIX3AAAH)","service":"saas-platform","timestamp":"2026-07-16 18:28:57"}
{"level":"info","message":"[DEV] Email skipped — To: adi@boat.com | Subject: Verify your email address","service":"saas-platform","timestamp":"2026-07-16 18:29:30"}
{"level":"info","message":"Socket connected: cmrm0gfo4000fvexuy0i3hslv (SNsoJfKGHJ6CxOtSAAAJ)","service":"saas-platform","timestamp":"2026-07-16 18:29:44"}
{"level":"info","message":"Socket disconnected: cmrm0gfo4000fvexuy0i3hslv - transport close","service":"saas-platform","timestamp":"2026-07-16 18:29:58"}
{"level":"info","message":"✅ Socket.IO initialized","service":"saas-platform","timestamp":"2026-07-16 18:37:26"}
{"level":"info","message":"✅ Database connected","service":"saas-platform","timestamp":"2026-07-16 18:37:26"}
{"level":"info","message":"🚀 Server running on port 5000 in development mode","service":"saas-platform","timestamp":"2026-07-16 18:37:26"}
{"level":"info","message":"📚 API Docs: http://localhost:5000/api-docs","service":"saas-platform","timestamp":"2026-07-16 18:37:26"}
{"level":"info","message":"Socket connected: cmrm0gfo4000fvexuy0i3hslv (OvXLeheOM6kIldBVAAAB)","service":"saas-platform","timestamp":"2026-07-16 18:37:26"}
{"level":"info","message":"Socket connected: cmrm0gfo4000fvexuy0i3hslv (1GwnOXg4VRkG9EJHAAAD)","service":"saas-platform","timestamp":"2026-07-16 18:37:27"}
{"level":"info","message":"Socket disconnected: cmrm0gfo4000fvexuy0i3hslv - transport close","service":"saas-platform","timestamp":"2026-07-16 18:37:55"}
{"level":"info","message":"Socket disconnected: cmrm0gfo4000fvexuy0i3hslv - client namespace disconnect","service":"saas-platform","timestamp":"2026-07-16 18:38:09"}
{"level":"info","message":"[DEV] Email skipped — To: raju@boat.com | Subject: Verify your email address","service":"saas-platform","timestamp":"2026-07-16 18:38:53"}
{"level":"info","message":"Socket connected: cmrm0gfo4000fvexuy0i3hslv (ozOZrJ4PdfEPeExrAAAF)","service":"saas-platform","timestamp":"2026-07-16 18:39:05"}
{"level":"info","message":"[DEV] Email skipped — To: raju@boat.com | Subject: You've been invited to join Boat","service":"saas-platform","timestamp":"2026-07-16 18:39:17"}
{"level":"info","message":"Invite link for raju@boat.com: http://localhost:3000/invitations/accept?token=85ad8557883afefb239d6ef9d131f6231fd95b3a7bac06188aea18d872d33f5c","service":"saas-platform","timestamp":"2026-07-16 18:39:17"}
{"level":"info","message":"Socket disconnected: cmrm0gfo4000fvexuy0i3hslv - client namespace disconnect","service":"saas-platform","timestamp":"2026-07-16 18:39:29"}
{"level":"info","message":"Socket connected: cmrniz92p00031hjao2wospqc (BQzprvLPAY1GpE-sAAAH)","service":"saas-platform","timestamp":"2026-07-16 18:39:39"}
{"level":"info","message":"✅ Socket.IO initialized","service":"saas-platform","timestamp":"2026-07-16 18:44:17"}
{"level":"info","message":"✅ Database connected","service":"saas-platform","timestamp":"2026-07-16 18:44:18"}
{"level":"info","message":"🚀 Server running on port 5000 in development mode","service":"saas-platform","timestamp":"2026-07-16 18:44:18"}
{"level":"info","message":"📚 API Docs: http://localhost:5000/api-docs","service":"saas-platform","timestamp":"2026-07-16 18:44:18"}
{"level":"info","message":"Socket connected: cmrniz92p00031hjao2wospqc (pbvbjYQR1_4EJ5MAAAAB)","service":"saas-platform","timestamp":"2026-07-16 18:44:18"}
{"level":"info","message":"✅ Socket.IO initialized","service":"saas-platform","timestamp":"2026-07-16 18:44:20"}
{"level":"info","message":"✅ Database connected","service":"saas-platform","timestamp":"2026-07-16 18:44:20"}
{"level":"info","message":"🚀 Server running on port 5000 in development mode","service":"saas-platform","timestamp":"2026-07-16 18:44:20"}
{"level":"info","message":"📚 API Docs: http://localhost:5000/api-docs","service":"saas-platform","timestamp":"2026-07-16 18:44:20"}
{"level":"info","message":"Socket connected: cmrniz92p00031hjao2wospqc (RNz9x9zaOG9WHR6zAAAB)","service":"saas-platform","timestamp":"2026-07-16 18:44:20"}
{"level":"info","message":"Socket disconnected: cmrniz92p00031hjao2wospqc - client namespace disconnect","service":"saas-platform","timestamp":"2026-07-16 18:47:25"}
{"level":"info","message":"Socket connected: cmrm0gfo4000fvexuy0i3hslv (hI6c482-XMWRIwA5AAAD)","service":"saas-platform","timestamp":"2026-07-16 18:47:39"}
{"level":"info","message":"[DEV] Email skipped — To: raju@boat.com | Subject: You've been invited to join Boat","service":"saas-platform","timestamp":"2026-07-16 18:47:52"}
{"level":"info","message":"Resent invite link for raju@boat.com: http://localhost:3000/invitations/accept?token=9990c28e484bf17a436815830766ef28033f3e4ac148123d9319552ce50f2a08","service":"saas-platform","timestamp":"2026-07-16 18:47:52"}
{"level":"info","message":"[DEV] Email skipped — To: raju@boat.com | Subject: You've been invited to join Boat","service":"saas-platform","timestamp":"2026-07-16 18:48:11"}
{"level":"info","message":"Invite link for raju@boat.com: http://localhost:3000/invitations/accept?token=b20c20ef2a994d3eb1c23c34bad2f88d6016327007ba9cdfc43aefad144bbc9d","service":"saas-platform","timestamp":"2026-07-16 18:48:11"}
{"level":"info","message":"Socket connected: cmrm0gfo4000fvexuy0i3hslv (95t1ujOpF77m4NxjAAAF)","service":"saas-platform","timestamp":"2026-07-16 18:48:22"}
{"level":"info","message":"Socket disconnected: cmrm0gfo4000fvexuy0i3hslv - transport close","service":"saas-platform","timestamp":"2026-07-16 18:48:40"}
{"level":"info","message":"Socket disconnected: cmrm0gfo4000fvexuy0i3hslv - transport close","service":"saas-platform","timestamp":"2026-07-16 18:48:45"}
{"level":"info","message":"SIGINT received. Shutting down gracefully...","service":"saas-platform","timestamp":"2026-07-16 18:49:25"}
